[debug] [2023-01-13T19:53:02.727Z] ----------------------------------------------------------------------
[debug] [2023-01-13T19:53:02.729Z] Command:       C:\Program Files\nodejs\node.exe C:\Program Files\nodejs\node_modules\firebase-tools\lib\bin\firebase.js init
[debug] [2023-01-13T19:53:02.729Z] CLI Version:   11.20.0
[debug] [2023-01-13T19:53:02.729Z] Platform:      win32
[debug] [2023-01-13T19:53:02.729Z] Node Version:  v19.4.0
[debug] [2023-01-13T19:53:02.729Z] Time:          Fri Jan 13 2023 14:53:02 GMT-0500 (Eastern Standard Time)
[debug] [2023-01-13T19:53:02.730Z] ----------------------------------------------------------------------
[debug] 
[debug] [2023-01-13T19:53:02.741Z] > command requires scopes: ["email","openid","https://www.googleapis.com/auth/cloudplatformprojects.readonly","https://www.googleapis.com/auth/firebase","https://www.googleapis.com/auth/cloud-platform"]
[debug] [2023-01-13T19:53:02.741Z] > authorizing via signed-in user (nanosplitter21@gmail.com)
[info] 
     ######## #### ########  ######## ########     ###     ######  ########
     ##        ##  ##     ## ##       ##     ##  ##   ##  ##       ##
     ######    ##  ########  ######   ########  #########  ######  ######
     ##        ##  ##    ##  ##       ##     ## ##     ##       ## ##
     ##       #### ##     ## ######## ########  ##     ##  ######  ########

You're about to initialize a Firebase project in this directory:

  C:\Users\colin\OneDrive\Documents\GitHub\ipm-vote

[info] 
=== Project Setup
[info] 
[info] First, let's associate this project directory with a Firebase project.
[info] You can create multiple project aliases by running firebase use --add, 
[info] but for now we'll just set up a default project.
[info] 
[debug] [2023-01-13T19:53:07.431Z] >>> [apiv2][query] GET https://firebase.googleapis.com/v1beta1/projects pageSize=100
[debug] [2023-01-13T19:53:07.848Z] <<< [apiv2][status] GET https://firebase.googleapis.com/v1beta1/projects 200
[debug] [2023-01-13T19:53:07.848Z] <<< [apiv2][body] GET https://firebase.googleapis.com/v1beta1/projects [omitted]
[info] i  Using project ipm-vote (ipm-vote) 
[info] 
=== Firestore Setup
[debug] [2023-01-13T19:53:09.119Z] >>> [apiv2][query] GET https://serviceusage.googleapis.com/v1/projects/ipm-vote/services/firestore.googleapis.com [none]
[debug] [2023-01-13T19:53:09.119Z] >>> [apiv2][(partial)header] GET https://serviceusage.googleapis.com/v1/projects/ipm-vote/services/firestore.googleapis.com x-goog-quota-user=projects/ipm-vote
[debug] [2023-01-13T19:53:09.415Z] <<< [apiv2][status] GET https://serviceusage.googleapis.com/v1/projects/ipm-vote/services/firestore.googleapis.com 200
[debug] [2023-01-13T19:53:09.416Z] <<< [apiv2][body] GET https://serviceusage.googleapis.com/v1/projects/ipm-vote/services/firestore.googleapis.com [omitted]
[debug] [2023-01-13T19:53:09.416Z] >>> [apiv2][query] GET https://appengine.googleapis.com/v1/apps/ipm-vote [none]
[debug] [2023-01-13T19:53:09.760Z] <<< [apiv2][status] GET https://appengine.googleapis.com/v1/apps/ipm-vote 200
[debug] [2023-01-13T19:53:09.760Z] <<< [apiv2][body] GET https://appengine.googleapis.com/v1/apps/ipm-vote {"name":"apps/ipm-vote","id":"ipm-vote","authDomain":"gmail.com","locationId":"us-central","codeBucket":"staging.ipm-vote.appspot.com","servingStatus":"SERVING","defaultHostname":"ipm-vote.uc.r.appspot.com","defaultBucket":"ipm-vote.appspot.com","serviceAccount":"ipm-vote@appspot.gserviceaccount.com","gcrDomain":"us.gcr.io","databaseType":"CLOUD_FIRESTORE","featureSettings":{"splitHealthChecks":true,"useContainerOptimizedOs":true}}
[debug] [2023-01-13T19:53:09.760Z] database_type: CLOUD_FIRESTORE
[debug] [2023-01-13T19:53:09.760Z] > command requires scopes: ["email","openid","https://www.googleapis.com/auth/cloudplatformprojects.readonly","https://www.googleapis.com/auth/firebase","https://www.googleapis.com/auth/cloud-platform"]
[debug] [2023-01-13T19:53:09.760Z] > authorizing via signed-in user (nanosplitter21@gmail.com)
[debug] [2023-01-13T19:53:09.760Z] [iam] checking project ipm-vote for permissions ["firebase.projects.get"]
[debug] [2023-01-13T19:53:09.761Z] >>> [apiv2][query] POST https://cloudresourcemanager.googleapis.com/v1/projects/ipm-vote:testIamPermissions [none]
[debug] [2023-01-13T19:53:09.761Z] >>> [apiv2][(partial)header] POST https://cloudresourcemanager.googleapis.com/v1/projects/ipm-vote:testIamPermissions x-goog-quota-user=projects/ipm-vote
[debug] [2023-01-13T19:53:09.761Z] >>> [apiv2][body] POST https://cloudresourcemanager.googleapis.com/v1/projects/ipm-vote:testIamPermissions {"permissions":["firebase.projects.get"]}
[debug] [2023-01-13T19:53:09.964Z] <<< [apiv2][status] POST https://cloudresourcemanager.googleapis.com/v1/projects/ipm-vote:testIamPermissions 200
[debug] [2023-01-13T19:53:09.964Z] <<< [apiv2][body] POST https://cloudresourcemanager.googleapis.com/v1/projects/ipm-vote:testIamPermissions {"permissions":["firebase.projects.get"]}
[info] 
[info] Firestore Security Rules allow you to define how and when to allow
[info] requests. You can keep these rules in your project directory
[info] and publish them with firebase deploy.
[info] 
[debug] [2023-01-13T19:53:13.376Z] >>> [apiv2][query] GET https://firebaserules.googleapis.com/v1/projects/ipm-vote/releases pageSize=10&pageToken=
[debug] [2023-01-13T19:53:13.598Z] <<< [apiv2][status] GET https://firebaserules.googleapis.com/v1/projects/ipm-vote/releases 200
[debug] [2023-01-13T19:53:13.599Z] <<< [apiv2][body] GET https://firebaserules.googleapis.com/v1/projects/ipm-vote/releases {"releases":[{"name":"projects/ipm-vote/releases/cloud.firestore","rulesetName":"projects/ipm-vote/rulesets/25c4f93c-affe-464d-8ca4-0213d1d8fe90","createTime":"2023-01-13T19:49:36.221386Z","updateTime":"2023-01-13T19:49:36.221386Z"}]}
[debug] [2023-01-13T19:53:13.599Z] Found ruleset: projects/ipm-vote/rulesets/25c4f93c-affe-464d-8ca4-0213d1d8fe90
[debug] [2023-01-13T19:53:13.599Z] >>> [apiv2][query] GET https://firebaserules.googleapis.com/v1/projects/ipm-vote/rulesets/25c4f93c-affe-464d-8ca4-0213d1d8fe90 [none]
[debug] [2023-01-13T19:53:13.714Z] <<< [apiv2][status] GET https://firebaserules.googleapis.com/v1/projects/ipm-vote/rulesets/25c4f93c-affe-464d-8ca4-0213d1d8fe90 200
[debug] [2023-01-13T19:53:13.714Z] <<< [apiv2][body] GET https://firebaserules.googleapis.com/v1/projects/ipm-vote/rulesets/25c4f93c-affe-464d-8ca4-0213d1d8fe90 [omitted]
[info] 
[info] Firestore indexes allow you to perform complex queries while
[info] maintaining performance that scales with the size of the result
[info] set. You can keep index definitions in your project directory
[info] and publish them with firebase deploy.
[info] 
[debug] [2023-01-13T19:53:15.711Z] >>> [apiv2][query] GET https://firestore.googleapis.com/v1/projects/ipm-vote/databases/(default)/collectionGroups/-/indexes [none]
[debug] [2023-01-13T19:53:15.712Z] >>> [apiv2][query] GET https://firestore.googleapis.com/v1/projects/ipm-vote/databases/(default)/collectionGroups/-/fields?filter=indexConfig.usesAncestorConfig=false OR ttlConfig:* [none]
[debug] [2023-01-13T19:53:15.970Z] <<< [apiv2][status] GET https://firestore.googleapis.com/v1/projects/ipm-vote/databases/(default)/collectionGroups/-/indexes 200
[debug] [2023-01-13T19:53:15.970Z] <<< [apiv2][body] GET https://firestore.googleapis.com/v1/projects/ipm-vote/databases/(default)/collectionGroups/-/indexes {}
[debug] [2023-01-13T19:53:16.434Z] <<< [apiv2][status] GET https://firestore.googleapis.com/v1/projects/ipm-vote/databases/(default)/collectionGroups/-/fields?filter=indexConfig.usesAncestorConfig=false OR ttlConfig:* 200
[debug] [2023-01-13T19:53:16.434Z] <<< [apiv2][body] GET https://firestore.googleapis.com/v1/projects/ipm-vote/databases/(default)/collectionGroups/-/fields?filter=indexConfig.usesAncestorConfig=false OR ttlConfig:* {"fields":[{"name":"projects/ipm-vote/databases/(default)/collectionGroups/__default__/fields/*","indexConfig":{"indexes":[{"queryScope":"COLLECTION","fields":[{"fieldPath":"*","order":"ASCENDING"}],"state":"READY"},{"queryScope":"COLLECTION","fields":[{"fieldPath":"*","order":"DESCENDING"}],"state":"READY"},{"queryScope":"COLLECTION","fields":[{"fieldPath":"*","arrayConfig":"CONTAINS"}],"state":"READY"}]}}]}
[info] 
=== Functions Setup
[debug] [2023-01-13T19:53:16.436Z] > command requires scopes: ["email","openid","https://www.googleapis.com/auth/cloudplatformprojects.readonly","https://www.googleapis.com/auth/firebase","https://www.googleapis.com/auth/cloud-platform"]
[debug] [2023-01-13T19:53:16.436Z] > authorizing via signed-in user (nanosplitter21@gmail.com)
[debug] [2023-01-13T19:53:16.436Z] [iam] checking project ipm-vote for permissions ["firebase.projects.get"]
[debug] [2023-01-13T19:53:16.437Z] >>> [apiv2][query] POST https://cloudresourcemanager.googleapis.com/v1/projects/ipm-vote:testIamPermissions [none]
[debug] [2023-01-13T19:53:16.437Z] >>> [apiv2][(partial)header] POST https://cloudresourcemanager.googleapis.com/v1/projects/ipm-vote:testIamPermissions x-goog-quota-user=projects/ipm-vote
[debug] [2023-01-13T19:53:16.437Z] >>> [apiv2][body] POST https://cloudresourcemanager.googleapis.com/v1/projects/ipm-vote:testIamPermissions {"permissions":["firebase.projects.get"]}
[debug] [2023-01-13T19:53:16.573Z] <<< [apiv2][status] POST https://cloudresourcemanager.googleapis.com/v1/projects/ipm-vote:testIamPermissions 200
[debug] [2023-01-13T19:53:16.573Z] <<< [apiv2][body] POST https://cloudresourcemanager.googleapis.com/v1/projects/ipm-vote:testIamPermissions {"permissions":["firebase.projects.get"]}
[debug] [2023-01-13T19:53:16.573Z] >>> [apiv2][query] GET https://serviceusage.googleapis.com/v1/projects/ipm-vote/services/cloudfunctions.googleapis.com [none]
[debug] [2023-01-13T19:53:16.573Z] >>> [apiv2][(partial)header] GET https://serviceusage.googleapis.com/v1/projects/ipm-vote/services/cloudfunctions.googleapis.com x-goog-quota-user=projects/ipm-vote
[debug] [2023-01-13T19:53:16.575Z] >>> [apiv2][query] GET https://serviceusage.googleapis.com/v1/projects/ipm-vote/services/runtimeconfig.googleapis.com [none]
[debug] [2023-01-13T19:53:16.575Z] >>> [apiv2][(partial)header] GET https://serviceusage.googleapis.com/v1/projects/ipm-vote/services/runtimeconfig.googleapis.com x-goog-quota-user=projects/ipm-vote
[debug] [2023-01-13T19:53:16.862Z] <<< [apiv2][status] GET https://serviceusage.googleapis.com/v1/projects/ipm-vote/services/cloudfunctions.googleapis.com 200
[debug] [2023-01-13T19:53:16.862Z] <<< [apiv2][body] GET https://serviceusage.googleapis.com/v1/projects/ipm-vote/services/cloudfunctions.googleapis.com [omitted]
[debug] [2023-01-13T19:53:16.862Z] >>> [apiv2][query] POST https://serviceusage.googleapis.com/v1/projects/ipm-vote/services/cloudfunctions.googleapis.com:enable [none]
[debug] [2023-01-13T19:53:16.862Z] >>> [apiv2][(partial)header] POST https://serviceusage.googleapis.com/v1/projects/ipm-vote/services/cloudfunctions.googleapis.com:enable x-goog-quota-user=projects/ipm-vote
[debug] [2023-01-13T19:53:16.864Z] <<< [apiv2][status] GET https://serviceusage.googleapis.com/v1/projects/ipm-vote/services/runtimeconfig.googleapis.com 200
[debug] [2023-01-13T19:53:16.864Z] <<< [apiv2][body] GET https://serviceusage.googleapis.com/v1/projects/ipm-vote/services/runtimeconfig.googleapis.com [omitted]
[debug] [2023-01-13T19:53:17.399Z] <<< [apiv2][status] POST https://serviceusage.googleapis.com/v1/projects/ipm-vote/services/cloudfunctions.googleapis.com:enable 200
[debug] [2023-01-13T19:53:17.400Z] <<< [apiv2][body] POST https://serviceusage.googleapis.com/v1/projects/ipm-vote/services/cloudfunctions.googleapis.com:enable [omitted]
[debug] [2023-01-13T19:53:27.409Z] >>> [apiv2][query] GET https://serviceusage.googleapis.com/v1/projects/ipm-vote/services/cloudfunctions.googleapis.com [none]
[debug] [2023-01-13T19:53:27.410Z] >>> [apiv2][(partial)header] GET https://serviceusage.googleapis.com/v1/projects/ipm-vote/services/cloudfunctions.googleapis.com x-goog-quota-user=projects/ipm-vote
[debug] [2023-01-13T19:53:27.671Z] <<< [apiv2][status] GET https://serviceusage.googleapis.com/v1/projects/ipm-vote/services/cloudfunctions.googleapis.com 200
[debug] [2023-01-13T19:53:27.672Z] <<< [apiv2][body] GET https://serviceusage.googleapis.com/v1/projects/ipm-vote/services/cloudfunctions.googleapis.com [omitted]
[info] Let's create a new codebase for your functions.
[info] A directory corresponding to the codebase will be created in your project
[info] with sample code pre-configured.

[info] See https://firebase.google.com/docs/functions/organize-functions for
[info] more information on organizing your functions using codebases.

[info] Functions can be deployed with firebase deploy.

[info] +  Wrote functions/package.json 
[info] +  Wrote functions/index.js 
[info] +  Wrote functions/.gitignore 
[info] 
=== Hosting Setup
[info] 
[info] Your public directory is the folder (relative to your project directory) that
[info] will contain Hosting assets to be uploaded with firebase deploy. If you
[info] have a build process for your assets, use your build's output directory.
[info] 
[info] +  Wrote public/404.html 
[debug] [2023-01-13T19:54:44.486Z] >>> [apiv2][query] GET https://www.gstatic.com/firebasejs/releases.json [none]
[debug] [2023-01-13T19:54:44.626Z] <<< [apiv2][status] GET https://www.gstatic.com/firebasejs/releases.json 200
[debug] [2023-01-13T19:54:44.626Z] <<< [apiv2][body] GET https://www.gstatic.com/firebasejs/releases.json {"current":{"version":"9.15.0","browserURL":"https://www.gstatic.com/firebasejs/9.15.0/firebase.js","packageURL":"https://www.gstatic.com/firebasejs/9.15.0/firebase.tgz"},"live":{"version":"9.15","browserURL":"https://www.gstatic.com/firebasejs/live/9.15/firebase.js","packageURL":"https://www.gstatic.com/firebasejs/live/9.15/firebase.tgz"},"components":{"analytics":"https://www.gstatic.com/firebasejs/9.15.0/firebase-analytics.js","app":"https://www.gstatic.com/firebasejs/9.15.0/firebase-app.js","app-check":"https://www.gstatic.com/firebasejs/9.15.0/firebase-app-check.js","auth":"https://www.gstatic.com/firebasejs/9.15.0/firebase-auth.js","auth/cordova":"https://www.gstatic.com/firebasejs/9.15.0/firebase-auth/cordova.js","auth/react-native":"https://www.gstatic.com/firebasejs/9.15.0/firebase-auth/react-native.js","functions":"https://www.gstatic.com/firebasejs/9.15.0/firebase-functions.js","firestore":"https://www.gstatic.com/firebasejs/9.15.0/firebase-firestore.js","firestore/lite":"https://www.gstatic.com/firebasejs/9.15.0/firebase-firestore/lite.js","installations":"https://www.gstatic.com/firebasejs/9.15.0/firebase-installations.js","storage":"https://www.gstatic.com/firebasejs/9.15.0/firebase-storage.js","performance":"https://www.gstatic.com/firebasejs/9.15.0/firebase-performance.js","remote-config":"https://www.gstatic.com/firebasejs/9.15.0/firebase-remote-config.js","messaging":"https://www.gstatic.com/firebasejs/9.15.0/firebase-messaging.js","messaging/sw":"https://www.gstatic.com/firebasejs/9.15.0/firebase-messaging/sw.js","database":"https://www.gstatic.com/firebasejs/9.15.0/firebase-database.js","firestore.memory":"https://www.gstatic.com/firebasejs/9.15.0/firebase-firestore.memory.js"}}
[info] +  Wrote public/index.html 
[info] 
[info] i  Detected a .git folder at C:\Users\colin\OneDrive\Documents\GitHub\ipm-vote 
[info] i  Authorizing with GitHub to upload your service account to a GitHub repository's secrets store. 
[info] 
[info] Visit this URL on this device to log in:
[info] https://github.com/login/oauth/authorize?client_id=89cf50f02ac6aaed3484&state=494264115&redirect_uri=http%3A%2F%2Flocalhost%3A9005&scope=read%3Auser%20repo%20public_repo
[info] 
[info] Waiting for authentication...
[debug] [2023-01-13T19:54:45.154Z] >>> [apiv2][query] POST https://github.com/login/oauth/access_token [none]
[debug] [2023-01-13T19:54:45.154Z] >>> [apiv2][body] POST https://github.com/login/oauth/access_token [stream]
[debug] [2023-01-13T19:54:45.495Z] <<< [apiv2][status] POST https://github.com/login/oauth/access_token 200
[debug] [2023-01-13T19:54:45.495Z] <<< [apiv2][body] POST https://github.com/login/oauth/access_token {"access_token":"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","token_type":"bearer","scope":"read:user,repo"}
[debug] [2023-01-13T19:54:45.502Z] >>> [apiv2][query] GET https://api.github.com/user [none]
[debug] [2023-01-13T19:54:45.721Z] <<< [apiv2][status] GET https://api.github.com/user 200
[debug] [2023-01-13T19:54:45.721Z] <<< [apiv2][body] GET https://api.github.com/user {"login":"Nanosplitter","id":22625481,"node_id":"MDQ6VXNlcjIyNjI1NDgx","avatar_url":"https://avatars.githubusercontent.com/u/22625481?v=4","gravatar_id":"","url":"https://api.github.com/users/Nanosplitter","html_url":"https://github.com/Nanosplitter","followers_url":"https://api.github.com/users/Nanosplitter/followers","following_url":"https://api.github.com/users/Nanosplitter/following{/other_user}","gists_url":"https://api.github.com/users/Nanosplitter/gists{/gist_id}","starred_url":"https://api.github.com/users/Nanosplitter/starred{/owner}{/repo}","subscriptions_url":"https://api.github.com/users/Nanosplitter/subscriptions","organizations_url":"https://api.github.com/users/Nanosplitter/orgs","repos_url":"https://api.github.com/users/Nanosplitter/repos","events_url":"https://api.github.com/users/Nanosplitter/events{/privacy}","received_events_url":"https://api.github.com/users/Nanosplitter/received_events","type":"User","site_admin":false,"name":"Colin Wilson","company":"Ford","blog":"colinwilson.dev","location":null,"email":"github@colinwilson.dev","hireable":null,"bio":"Software Engineer at Ford Motor Company","twitter_username":null,"public_repos":46,"public_gists":0,"followers":8,"following":2,"created_at":"2016-10-04T20:46:19Z","updated_at":"2023-01-10T04:43:46Z","private_gists":0,"total_private_repos":12,"owned_private_repos":12,"disk_usage":267574,"collaborators":3,"two_factor_authentication":false,"plan":{"name":"free","space":976562499,"collaborators":0,"private_repos":10000}}
[info] 
[info] +  Success! Logged into GitHub as Nanosplitter 
[info] 
